
** (unity-webapps-runner:3004): WARNING **: Could not get a proper accuracy from Geoclue (NONE)
** Message: Launching webapp container for url 'http://www.amazon.com/?tag=u1webapp-20' and app_id 'ubuntu-amazon-default (command line 'webapp-container --app-id='ubuntu-amazon-default' --webapp --enable-back-forward   http://www.amazon.com/?tag=u1webapp-20')
Invalid webapp webapp definition: homepage not found or fails predicate isString
Could not open manifest file:  "/usr/share/unity-webapps/userscripts/unity-webapps-amazon/manifest.json"
qml: Loading webview on /home/dudengjin/.local/share/ubuntu-amazon-default
Invalid webapp webapp definition: homepage not found or fails predicate isString
Could not open manifest file:  "/usr/share/unity-webapps/userscripts/unity-webapps-amazon/manifest.json"
QQmlExpression: Expression file:///usr/share/webbrowser-app/webcontainer/WebApp.qml:273:25 depends on non-NOTIFYable properties:
    unity::action::qml::ActionManager::globalContext
[0124/082138.913998:ERROR:child_thread_impl.cc(762)] Request for unknown Channel-associated interface: ui::mojom::GpuMain
qml: Loaded 8 UA override(s) from file:///usr/lib/x86_64-linux-gnu/qt5/qml/Ubuntu/Web/ua-overrides-mobile.js
OxideQQuickWebView: canGoForward is deprecated. Please use the API provided by OxideQQuickNavigationHistory instead
OxideQQuickWebView: canGoBack is deprecated. Please use the API provided by OxideQQuickNavigationHistory instead
qml: Start browsing
file:///usr/share/webbrowser-app/webcontainer/ContentPickerDialog.qml:22:1: module "Ubuntu.Content" is not installed
file:///usr/share/webbrowser-app/webcontainer/ContentDownloadDialog.qml:22:1: module "Ubuntu.Content" is not installed
file:///usr/share/webbrowser-app/ContentHandler.qml:20:1: module "Ubuntu.Content" is not installed
file:///usr/share/webbrowser-app/Downloader.qml:22:1: module "Ubuntu.DownloadManager" is not installed
file:///usr/share/webbrowser-app/Downloader.qml:23:1: module "Ubuntu.Content" is not installed
file:///usr/share/webbrowser-app/Downloader.qml:22:1: module "Ubuntu.DownloadManager" is not installed
file:///usr/share/webbrowser-app/Downloader.qml:23:1: module "Ubuntu.Content" is not installed
[0124/082139.876987:ERROR:ssl_client_socket_impl.cc(1136)] handshake failed; returned -1, SSL error code 1, net_error -101
[0124/082140.068234:ERROR:ssl_client_socket_impl.cc(1136)] handshake failed; returned -1, SSL error code 1, net_error -101
[0124/082140.175016:ERROR:oxide_user_script_slave.cc(116)] Could not get a proper message manager for frame: 0x3466e0101d98 while trying to inject script in main world
qml: Loaded 8 UA override(s) from file:///usr/lib/x86_64-linux-gnu/qt5/qml/Ubuntu/Web/ua-overrides-desktop.js
WARN  2018-01-24 08:21:41 unity <unknown>:0 Unable to fetch children: GDBus.Error:org.freedesktop.DBus.Error.UnknownMethod: 在路径 org.ayatana.bamf.view 的对象上没有 /org/ayatana/bamf/application/545253652 接口

WARN  2018-01-24 08:21:41 unity <unknown>:0 Failed to fetch path: GDBus.Error:org.freedesktop.DBus.Error.UnknownMethod: 在路径 org.ayatana.bamf.application 的对象上没有 /org/ayatana/bamf/application/545253652 接口
WARN  2018-01-24 08:21:41 unity <unknown>:0 Failed to fetch path: GDBus.Error:org.freedesktop.DBus.Error.UnknownMethod: 在路径 org.ayatana.bamf.application 的对象上没有 /org/ayatana/bamf/application/545253652 接口
WARN  2018-01-24 08:21:41 unity <unknown>:0 Failed to fetch path: GDBus.Error:org.freedesktop.DBus.Error.UnknownMethod: 在路径 org.ayatana.bamf.application 的对象上没有 /org/ayatana/bamf/application/545253652 接口
WARN  2018-01-24 08:21:41 unity <unknown>:0 Failed to fetch path: GDBus.Error:org.freedesktop.DBus.Error.UnknownMethod: 在路径 org.ayatana.bamf.application 的对象上没有 /org/ayatana/bamf/application/545253652 接口
WARN  2018-01-24 08:21:41 unity <unknown>:0 Failed to fetch path: GDBus.Error:org.freedesktop.DBus.Error.UnknownMethod: 在路径 org.ayatana.bamf.application 的对象上没有 /org/ayatana/bamf/application/545253652 接口
WARN  2018-01-24 08:21:41 unity <unknown>:0 Failed to fetch path: GDBus.Error:org.freedesktop.DBus.Error.UnknownMethod: 在路径 org.ayatana.bamf.application 的对象上没有 /org/ayatana/bamf/application/545253652 接口
WARN  2018-01-24 08:21:41 unity <unknown>:0 Failed to fetch path: GDBus.Error:org.freedesktop.DBus.Error.UnknownMethod: 在路径 org.ayatana.bamf.application 的对象上没有 /org/ayatana/bamf/application/545253652 接口
WARN  2018-01-24 08:21:41 unity <unknown>:0 Failed to fetch path: GDBus.Error:org.freedesktop.DBus.Error.UnknownMethod: 在路径 org.ayatana.bamf.application 的对象上没有 /org/ayatana/bamf/application/545253652 接口
TouchSelectionController::active is deprecated, use TouchSelectionController::status instead
WARN  2018-01-24 08:21:42 unity.iconloader IconLoader.cpp:756 Unable to load icon file:/// at size -1x22: 无法打开目录

(unity-control-center:3122): Clutter-WARNING **: Whoever translated default:LTR did so wrongly.

(nautilus:3141): GLib-GIO-CRITICAL **: g_dbus_interface_skeleton_unexport: assertion 'interface_->priv->connections != NULL' failed

(nautilus:3141): GLib-GIO-CRITICAL **: g_dbus_interface_skeleton_unexport: assertion 'interface_->priv->connections != NULL' failed

(nautilus:3141): Gtk-CRITICAL **: gtk_icon_theme_get_for_screen: assertion 'GDK_IS_SCREEN (screen)' failed

(nautilus:3141): GLib-GObject-WARNING **: invalid (NULL) pointer instance

(nautilus:3141): GLib-GObject-CRITICAL **: g_signal_connect_object: assertion 'G_TYPE_CHECK_INSTANCE (instance)' failed
